<?xml version="1.0" encoding="UTF-8"?>
<!-- Generated by org.testng.reporters.JUnitReportReporter -->
<testsuite skipped="0" hostname="TT0022324" name="hepsiburada.DemoHomework.Homepage" tests="5" failures="0" timestamp="2020-06-30T01:49:21 EET" time="20.027" errors="0">
  <testcase name="goBasket" time="0.303" classname="hepsiburada.DemoHomework.Homepage"/>
  <system-out/>
  <testcase name="goAccount" time="3.355" classname="hepsiburada.DemoHomework.Homepage"/>
  <system-out/>
  <testcase name="verifyEachProductPage" time="0.001" classname="hepsiburada.DemoHomework.Homepage"/>
  <system-out/>
  <testcase name="verifyProductsOnBasket" time="1.907" classname="hepsiburada.DemoHomework.Homepage"/>
  <system-out/>
  <testcase name="goAraundOnProducts" time="14.461" classname="hepsiburada.DemoHomework.Homepage"/>
  <system-out/>
</testsuite> <!-- hepsiburada.DemoHomework.Homepage -->
